C51 COMPILER V9.60.7.0   MAIN                                                              10/30/2023 22:59:44 PAGE 1   


C51 COMPILER V9.60.7.0, COMPILATION OF MODULE MAIN
OBJECT MODULE PLACED IN .\Objects\main.obj
COMPILER INVOKED BY: C:\Keil_v5\C51\BIN\C51.EXE main.c OPTIMIZE(8,SPEED) BROWSE DEBUG OBJECTEXTEND PRINT(.\Listings\main
                    -.lst) TABS(2) OBJECT(.\Objects\main.obj)

line level    source

   1          #include <main.h>
   2          #include <PORT.H>
   3          
   4          
   5          void docP10dieuKhienP21();
   6          void suDung2NutNhan();
   7          void daoTrangThaiLed();
   8          
   9          //chu y khai bao P20=0 trc wwhile(1)
  10          void docP10dieuKhienP21(){
  11   1           if(P1_0==0)
  12   1            {
  13   2              P2_0=1;
  14   2            }else{
  15   2              P2_0=0;
  16   2            }
  17   1      }
  18          
  19          
  20          //su dung hai nut nhan P1^2 dieu khien led p20
  21          void suDung2NutNhan(){
  22   1            LED=0;
  23   1          while(1)
  24   1          {
  25   2             // xuat ra tin hieu trc khi doc dam bao chuong trinh luon dung
  26   2            ON_BTT=1;
  27   2            if(ON_BTT==0){
  28   3             LED=1;
  29   3            }
  30   2            OFF_BTT==1;
*** WARNING C275 IN LINE 30 OF main.c: expression with possibly no effect
  31   2            if(OFF_BTT==0){
  32   3             LED=0;
  33   3            }
  34   2          }
  35   1      }
  36          
  37          
  38          //dao trang thai led P2^0 
  39          //su dung 1 nut nhan P1^0 
  40          //cach chong doi phim 
  41          void daoTrangThaiLed()
  42          {
  43   1          LED=0;
  44   1          while(1)
  45   1          {
  46   2            //xuat muc 1 trc khi kt dam bao nut ko bi anh huong boi cac chuong trinh khac
  47   2            changeStatus_BTT=1;
  48   2            //neu co nhan nut se dao trang thai cua bong den
  49   2            if(changeStatus_BTT==0){
  50   3                Delay_ms(20);//chong doi phim 
  51   3                if(changeStatus_BTT==0){
  52   4                   LED=!LED;
  53   4                   //neu nut nhan van dang dc giu 
C51 COMPILER V9.60.7.0   MAIN                                                              10/30/2023 22:59:44 PAGE 2   

  54   4                   //thi chuong trinh se dung lai tai vong while
  55   4                   while(changeStatus_BTT==0){continue;}
  56   4              }
  57   3            }
  58   2          }
  59   1      }
  60          
  61          void main()
  62          {     
  63   1       
  64   1          while(1)
  65   1          {
  66   2            daoTrangThaiLed();
  67   2          }
  68   1      }
  69          


MODULE INFORMATION:   STATIC OVERLAYABLE
   CODE SIZE        =     54    ----
   CONSTANT SIZE    =   ----    ----
   XDATA SIZE       =   ----    ----
   PDATA SIZE       =   ----    ----
   DATA SIZE        =   ----    ----
   IDATA SIZE       =   ----    ----
   BIT SIZE         =   ----    ----
END OF MODULE INFORMATION.


C51 COMPILATION COMPLETE.  1 WARNING(S),  0 ERROR(S)
