C51 COMPILER V9.60.7.0   MAIN                                                              01/03/2024 16:41:07 PAGE 1   


C51 COMPILER V9.60.7.0, COMPILATION OF MODULE MAIN
OBJECT MODULE PLACED IN .\Objects\main.obj
COMPILER INVOKED BY: C:\Keil_v5\C51\BIN\C51.EXE main.c OPTIMIZE(8,SPEED) BROWSE DEBUG OBJECTEXTEND PRINT(.\Listings\main
                    -.lst) TABS(2) OBJECT(.\Objects\main.obj)

line level    source

   1          #include <main.h>
*** WARNING C323 IN LINE 1 OF main.h: newline expected, extra characters found
   2          #include "..\lib\Delay.h"
   3          
   4          unsigned char code7Seg[]={0xC0,0xF9,0xA4,0xB0,0x99,0x92,0x82,0xF8,0x80,0x90};
   5          #define LED_PORT P3 
   6          // define ko co dau;
   7          sbit LED1_PIN= P2^0;
   8          sbit LED2_PIN= P2^1;
   9          
  10          void main(){
  11   1        unsigned char dem;
  12   1        unsigned char chuc,donvi;
  13   1        unsigned int time;
  14   1        while(1){
  15   2           for(dem=0;dem<100;dem++){
  16   3                chuc = dem /10;// lay phan nguyen 
  17   3                donvi = dem %10;//// lay phan du
  18   3               for(time=0; time<500;time++){
  19   4                  LED_PORT=code7Seg[donvi];
  20   4                  LED2_PIN=0;
  21   4                  Delay_ms(1);
  22   4                  LED2_PIN=1;
  23   4                 
  24   4                  LED_PORT=code7Seg[chuc];
  25   4                  LED1_PIN=0;
  26   4                  Delay_ms(1);
  27   4                  LED1_PIN=1;
  28   4      
  29   4               }
  30   3           }
  31   2        }
  32   1      }


MODULE INFORMATION:   STATIC OVERLAYABLE
   CODE SIZE        =     91    ----
   CONSTANT SIZE    =   ----    ----
   XDATA SIZE       =   ----    ----
   PDATA SIZE       =   ----    ----
   DATA SIZE        =     10       5
   IDATA SIZE       =   ----    ----
   BIT SIZE         =   ----    ----
END OF MODULE INFORMATION.


C51 COMPILATION COMPLETE.  1 WARNING(S),  0 ERROR(S)
