C51 COMPILER V9.60.7.0   MAIN                                                              12/05/2023 09:15:10 PAGE 1   


C51 COMPILER V9.60.7.0, COMPILATION OF MODULE MAIN
OBJECT MODULE PLACED IN .\Objects\main.obj
COMPILER INVOKED BY: C:\Keil_v5\C51\BIN\C51.EXE main.c OPTIMIZE(8,SPEED) BROWSE DEBUG OBJECTEXTEND PRINT(.\Listings\main
                    -.lst) TABS(2) OBJECT(.\Objects\main.obj)

line level    source

   1          #include <REGX52.H>
   2          #include <..\Lib\Delay.h>
   3          void daoToanboP0();
   4          void daoXenKeP2();
   5          
   6          void daoByteP0(){
   7   1          P0=0xFF;
   8   1          Delay_ms(500);
   9   1          P0=~P0;   // dao bittt cho P0_0
  10   1          Delay_ms(500);
  11   1          
  12   1      }
  13          
  14          void daoBitP2(){
  15   1          P2=0xAA;
  16   1          Delay_ms(500);
  17   1          P2=~P2;   // dao bittt cho P0_0
  18   1          Delay_ms(500);
  19   1      }
  20          
  21          void main(){
  22   1        
  23   1        while(1){
  24   2          daoByteP0();
  25   2          daoBitP2();
  26   2        } 
  27   1      }
  28          
  29          
  30          


MODULE INFORMATION:   STATIC OVERLAYABLE
   CODE SIZE        =     48    ----
   CONSTANT SIZE    =   ----    ----
   XDATA SIZE       =   ----    ----
   PDATA SIZE       =   ----    ----
   DATA SIZE        =   ----    ----
   IDATA SIZE       =   ----    ----
   BIT SIZE         =   ----    ----
END OF MODULE INFORMATION.


C51 COMPILATION COMPLETE.  0 WARNING(S),  0 ERROR(S)
