C51 COMPILER V9.60.7.0   MAIN                                                              12/26/2023 15:36:57 PAGE 1   


C51 COMPILER V9.60.7.0, COMPILATION OF MODULE MAIN
OBJECT MODULE PLACED IN .\Objects\main.obj
COMPILER INVOKED BY: C:\Keil_v5\C51\BIN\C51.EXE main.c OPTIMIZE(8,SPEED) BROWSE DEBUG OBJECTEXTEND PRINT(.\Listings\main
                    -.lst) TABS(2) OBJECT(.\Objects\main.obj)

line level    source

   1          #include<main.h>
*** WARNING C323 IN LINE 1 OF main.h: newline expected, extra characters found
   2          #include "..\lib\delay.h"
   3          // dung Schematic DenGiaoThong
   4          
   5          
   6          sbit led_vang=P0^1;
   7          sbit led_xanh=P0^2;
   8          sbit led_do=P0^0;
   9          #define led_chuc P3
  10          #define led_donvi P2
  11          
  12          unsigned char code7Seg[]={0xC0,0xF9,0xA4,0xB0,0x99,0x92,0x82,0xF8,0x80,0x90};
  13          
  14          void main(){
  15   1        unsigned char i=0;
  16   1        while (1)
  17   1        {  
  18   2            led_vang=1;
  19   2            led_xanh=1;
  20   2            led_do=0;
  21   2            for(i=20;i>0;i--){
  22   3                led_chuc=code7Seg[i%10];
  23   3                led_donvi=code7Seg[i/10];
  24   3                Delay_ms(1000);
  25   3            }
  26   2            
  27   2            
  28   2            led_vang=0;
  29   2            led_xanh=1;
  30   2            led_do=1;
  31   2            for(i=20;i>0;i--){
  32   3                led_chuc=code7Seg[i%10];
  33   3                led_donvi=code7Seg[i/10];
  34   3                Delay_ms(1000);
  35   3            }
  36   2            
  37   2            led_vang=1;
  38   2            led_xanh=0;
  39   2            led_do=1;
  40   2            for(i=20;i>0;i--){
  41   3                led_chuc=code7Seg[i%10];
  42   3                led_donvi=code7Seg[i/10];
  43   3                Delay_ms(1000);
  44   3            }
  45   2        }
  46   1      }
  47          
  48          
  49          
  50          


MODULE INFORMATION:   STATIC OVERLAYABLE
C51 COMPILER V9.60.7.0   MAIN                                                              12/26/2023 15:36:57 PAGE 2   

   CODE SIZE        =    158    ----
   CONSTANT SIZE    =   ----    ----
   XDATA SIZE       =   ----    ----
   PDATA SIZE       =   ----    ----
   DATA SIZE        =     10       1
   IDATA SIZE       =   ----    ----
   BIT SIZE         =   ----    ----
END OF MODULE INFORMATION.


C51 COMPILATION COMPLETE.  1 WARNING(S),  0 ERROR(S)
